0 info it worked if it ends with ok
1 verbose cli [ '/Users/vinogradovivan/.nvm/versions/node/v7.7.4/bin/node',
1 verbose cli   '/Users/vinogradovivan/.nvm/versions/node/v7.7.4/bin/npm',
1 verbose cli   'run',
1 verbose cli   'serve' ]
2 info using npm@4.1.2
3 info using node@v7.7.4
4 verbose run-script [ 'preserve', 'serve', 'postserve' ]
5 info lifecycle @~preserve: @
6 silly lifecycle @~preserve: no script for preserve, continuing
7 info lifecycle @~serve: @
8 verbose lifecycle @~serve: unsafe-perm in lifecycle true
9 verbose lifecycle @~serve: PATH: /Users/vinogradovivan/.nvm/versions/node/v7.7.4/lib/node_modules/npm/bin/node-gyp-bin:/Users/vinogradovivan/Desktop/frontend-technical-test/frontend-technical-test/node_modules/.bin:/Users/vinogradovivan/.rvm/gems/ruby-2.3.3/bin:/Users/vinogradovivan/.rvm/gems/ruby-2.3.3@global/bin:/Users/vinogradovivan/.rvm/rubies/ruby-2.3.3/bin:/Users/vinogradovivan/.nvm/versions/node/v7.7.4/bin:/usr/local/bin:/usr/bin:/bin:/usr/sbin:/sbin:/Users/vinogradovivan/.rvm/bin
10 verbose lifecycle @~serve: CWD: /Users/vinogradovivan/Desktop/frontend-technical-test/frontend-technical-test
11 silly lifecycle @~serve: Args: [ '-c', 'gulp serve' ]
12 info lifecycle @~serve: Failed to exec serve script
13 verbose stack Error: @ serve: `gulp serve`
13 verbose stack spawn ENOENT
13 verbose stack     at ChildProcess.<anonymous> (/Users/vinogradovivan/.nvm/versions/node/v7.7.4/lib/node_modules/npm/lib/utils/spawn.js:33:16)
13 verbose stack     at emitTwo (events.js:106:13)
13 verbose stack     at ChildProcess.emit (events.js:194:7)
13 verbose stack     at maybeClose (internal/child_process.js:899:16)
13 verbose stack     at Process.ChildProcess._handle.onexit (internal/child_process.js:226:5)
14 verbose pkgid @
15 verbose cwd /Users/vinogradovivan/Desktop/frontend-technical-test/frontend-technical-test/src
16 error Darwin 16.5.0
17 error argv "/Users/vinogradovivan/.nvm/versions/node/v7.7.4/bin/node" "/Users/vinogradovivan/.nvm/versions/node/v7.7.4/bin/npm" "run" "serve"
18 error node v7.7.4
19 error npm  v4.1.2
20 error file sh
21 error code ELIFECYCLE
22 error errno ENOENT
23 error syscall spawn
24 error @ serve: `gulp serve`
24 error spawn ENOENT
25 error Failed at the @ serve script 'gulp serve'.
25 error Make sure you have the latest version of node.js and npm installed.
25 error If you do, this is most likely a problem with the  package,
25 error not with npm itself.
25 error Tell the author that this fails on your system:
25 error     gulp serve
25 error You can get information on how to open an issue for this project with:
25 error     npm bugs
25 error Or if that isn't available, you can get their info via:
25 error     npm owner ls
25 error There is likely additional logging output above.
26 verbose exit [ 1, true ]
